<?xml version="1.0" encoding="UTF-8"?>
<testsuite name="ru.stqa.pft.sandbox.PointTest" tests="1" skipped="0" failures="0" errors="0" timestamp="2022-12-08T15:51:46" hostname="WIN-O1L5RT5TVEO" time="0.011">
  <properties/>
  <testcase name="testPoint" classname="ru.stqa.pft.sandbox.PointTest" time="0.011"/>
  <system-out><![CDATA[]]></system-out>
  <system-err><![CDATA[]]></system-err>
</testsuite>
